++ running auto.py++ running auto.pymsg: test++ running auto.pymsg: E0BB0F6D-FF88-4AA3-B7F0-ADC1573B5461:maxhfowler@gmail.com++ running auto.py
msg: E0BB0F6D-FF88-4AA3-B7F0-ADC1573B5461:maxhfowler@gmail.com
++ running auto.py
msg: E0BB0F6D-FF88-4AA3-B7F0-ADC1573B5461:maxhfowler@gmail.com
++ running auto.py
msg: E0BB0F6D-FF88-4AA3-B7F0-ADC1573B5461:+14017871463
++ running auto.py
msg: E0BB0F6D-FF88-4AA3-B7F0-ADC1573B5461:+14017871463
++ running auto.py
msg: E0BB0F6D-FF88-4AA3-B7F0-ADC1573B5461:+14017871463
++ running auto.py
msg: E0BB0F6D-FF88-4AA3-B7F0-ADC1573B5461:+14017871463
++ running auto.py
msg: E0BB0F6D-FF88-4AA3-B7F0-ADC1573B5461:+14018350392
++ running auto.py
msg: 
++ running auto.py
msg: 
++ running auto.py
msg: 
++ running auto.py
msg: 
++ running auto.py
msg: 
++ running auto.py
msg: 
++ running auto.py
msg: 
++ running auto.py
msg: 
++ running auto.py
msg: 
++ running auto.py
sn: E0BB0F6D-FF88-4AA3-B7F0-ADC1573B5461:+14018350392
++ running auto.py
sn: E0BB0F6D-FF88-4AA3-B7F0-ADC1573B5461:+14018350392
++ running auto.py
sn: E0BB0F6D-FF88-4AA3-B7F0-ADC1573B5461:+12316320886
++ running auto.py
sn: E0BB0F6D-FF88-4AA3-B7F0-ADC1573B5461:+12316320886
++ running auto.py
sn: E0BB0F6D-FF88-4AA3-B7F0-ADC1573B5461:+12316320886
++ running auto.py
sn: E0BB0F6D-FF88-4AA3-B7F0-ADC1573B5461:+12316320886
++ running auto.py
sn: E0BB0F6D-FF88-4AA3-B7F0-ADC1573B5461:+12316320886
++ running auto.py
sn: E0BB0F6D-FF88-4AA3-B7F0-ADC1573B5461:+12316320886
++ running auto.py
sn: E0BB0F6D-FF88-4AA3-B7F0-ADC1573B5461:+12316320886
++ running auto.py
sn: E0BB0F6D-FF88-4AA3-B7F0-ADC1573B5461:+12316320886
++ running auto.py
sn: E0BB0F6D-FF88-4AA3-B7F0-ADC1573B5461:+12316320886
++ running auto.py
sn: E0BB0F6D-FF88-4AA3-B7F0-ADC1573B5461:+12316320886
++ running auto.py
sn: E0BB0F6D-FF88-4AA3-B7F0-ADC1573B5461:+16318041593
++ running auto.py
sn: E0BB0F6D-FF88-4AA3-B7F0-ADC1573B5461:+12316320886
++ running auto.py
sn: E0BB0F6D-FF88-4AA3-B7F0-ADC1573B5461:+12316320886
++ running auto.py
sn: E0BB0F6D-FF88-4AA3-B7F0-ADC1573B5461:+16318041593
++ running auto.py
sn: E0BB0F6D-FF88-4AA3-B7F0-ADC1573B5461:+12316320886
++ running auto.py
sn: E0BB0F6D-FF88-4AA3-B7F0-ADC1573B5461:+12316320886
++ running auto.py
sn: E0BB0F6D-FF88-4AA3-B7F0-ADC1573B5461:+12316320886
++ running auto.py
sn: E0BB0F6D-FF88-4AA3-B7F0-ADC1573B5461:+16318041593
++ running auto.py
sn: E0BB0F6D-FF88-4AA3-B7F0-ADC1573B5461:+12316320886
++ running auto.py
sn: E0BB0F6D-FF88-4AA3-B7F0-ADC1573B5461:+12316320886
++ running auto.py
sn: E0BB0F6D-FF88-4AA3-B7F0-ADC1573B5461:+14017871463
++ running auto.py
sn: E0BB0F6D-FF88-4AA3-B7F0-ADC1573B5461:+14017871463
++ running auto.py
sn: E0BB0F6D-FF88-4AA3-B7F0-ADC1573B5461:+14017871463
++ running auto.py
sn: E0BB0F6D-FF88-4AA3-B7F0-ADC1573B5461:+14017871463
++ running auto.py
sn: E0BB0F6D-FF88-4AA3-B7F0-ADC1573B5461:+14017871463
++ running auto.py
sn: E0BB0F6D-FF88-4AA3-B7F0-ADC1573B5461:+12316320886
++ running auto.py
sn: E0BB0F6D-FF88-4AA3-B7F0-ADC1573B5461:+16318041593
++ running auto.py
sn: E0BB0F6D-FF88-4AA3-B7F0-ADC1573B5461:+18184513850
sn: E0BB0F6D-FF88-4AA3-B7F0-ADC1573B5461:+18184513850
++ running auto.py
sn: E0BB0F6D-FF88-4AA3-B7F0-ADC1573B5461:+18184513850
sn: E0BB0F6D-FF88-4AA3-B7F0-ADC1573B5461:+18184513850
++ running auto.py
sn: E0BB0F6D-FF88-4AA3-B7F0-ADC1573B5461:+15083339302
sn: E0BB0F6D-FF88-4AA3-B7F0-ADC1573B5461:+15083339302
++ running auto.py
sn: E0BB0F6D-FF88-4AA3-B7F0-ADC1573B5461:maxhfowler@gmail.com
sn: E0BB0F6D-FF88-4AA3-B7F0-ADC1573B5461:maxhfowler@gmail.com
++ running auto.py
sn: E0BB0F6D-FF88-4AA3-B7F0-ADC1573B5461:+15083339302
sn: E0BB0F6D-FF88-4AA3-B7F0-ADC1573B5461:+15083339302
++ running auto.py
sn: E0BB0F6D-FF88-4AA3-B7F0-ADC1573B5461:+18184513850
sn: E0BB0F6D-FF88-4AA3-B7F0-ADC1573B5461:+18184513850
++ running auto.py
sn: E0BB0F6D-FF88-4AA3-B7F0-ADC1573B5461:+18184513850
sn: E0BB0F6D-FF88-4AA3-B7F0-ADC1573B5461:+18184513850
++ running auto.py
sn: E0BB0F6D-FF88-4AA3-B7F0-ADC1573B5461:+18184513850
sn: E0BB0F6D-FF88-4AA3-B7F0-ADC1573B5461:+18184513850
++ running auto.py
sn: E0BB0F6D-FF88-4AA3-B7F0-ADC1573B5461:+18184513850
sn: E0BB0F6D-FF88-4AA3-B7F0-ADC1573B5461:+18184513850
++ running auto.py
sn: E0BB0F6D-FF88-4AA3-B7F0-ADC1573B5461:+14013397771
sn: E0BB0F6D-FF88-4AA3-B7F0-ADC1573B5461:+14013397771
++ running auto.py
sn: E0BB0F6D-FF88-4AA3-B7F0-ADC1573B5461:+14013397771
sn: E0BB0F6D-FF88-4AA3-B7F0-ADC1573B5461:+14013397771
++ running auto.py
sn: E0BB0F6D-FF88-4AA3-B7F0-ADC1573B5461:+18184513850
sn: E0BB0F6D-FF88-4AA3-B7F0-ADC1573B5461:+18184513850
++ running auto.py
sn: E0BB0F6D-FF88-4AA3-B7F0-ADC1573B5461:+14013397771
sn: E0BB0F6D-FF88-4AA3-B7F0-ADC1573B5461:+14013397771
++ running auto.py
sn: E0BB0F6D-FF88-4AA3-B7F0-ADC1573B5461:+14013397771
sn: E0BB0F6D-FF88-4AA3-B7F0-ADC1573B5461:+14013397771
++ running auto.py
sn: E0BB0F6D-FF88-4AA3-B7F0-ADC1573B5461:+15083152704
sn: E0BB0F6D-FF88-4AA3-B7F0-ADC1573B5461:+15083152704
++ running auto.py
sn: E0BB0F6D-FF88-4AA3-B7F0-ADC1573B5461:+18184513850
sn: E0BB0F6D-FF88-4AA3-B7F0-ADC1573B5461:+18184513850
++ running auto.py
sn: E0BB0F6D-FF88-4AA3-B7F0-ADC1573B5461:+18184513850
sn: E0BB0F6D-FF88-4AA3-B7F0-ADC1573B5461:+18184513850
++ running auto.py
sn: E0BB0F6D-FF88-4AA3-B7F0-ADC1573B5461:+15144094821
sn: E0BB0F6D-FF88-4AA3-B7F0-ADC1573B5461:+15144094821
++ running auto.py
sn: E0BB0F6D-FF88-4AA3-B7F0-ADC1573B5461:+15083339302
sn: E0BB0F6D-FF88-4AA3-B7F0-ADC1573B5461:+15083339302
++ running auto.py
sn: E0BB0F6D-FF88-4AA3-B7F0-ADC1573B5461:+15083152704
sn: E0BB0F6D-FF88-4AA3-B7F0-ADC1573B5461:+15083152704
++ running auto.py
sn: E0BB0F6D-FF88-4AA3-B7F0-ADC1573B5461:+14017871463
sn: E0BB0F6D-FF88-4AA3-B7F0-ADC1573B5461:+14017871463
++ running auto.py
sn: E0BB0F6D-FF88-4AA3-B7F0-ADC1573B5461:+14017871463
sn: E0BB0F6D-FF88-4AA3-B7F0-ADC1573B5461:+14017871463
++ running auto.py
sn: E0BB0F6D-FF88-4AA3-B7F0-ADC1573B5461:+14154248775
sn: E0BB0F6D-FF88-4AA3-B7F0-ADC1573B5461:+14154248775
++ running auto.py
sn: E0BB0F6D-FF88-4AA3-B7F0-ADC1573B5461:+14154248775
sn: E0BB0F6D-FF88-4AA3-B7F0-ADC1573B5461:+14154248775
++ running auto.py
sn: E0BB0F6D-FF88-4AA3-B7F0-ADC1573B5461:+14154248775
sn: E0BB0F6D-FF88-4AA3-B7F0-ADC1573B5461:+14154248775
++ running auto.py
sn: E0BB0F6D-FF88-4AA3-B7F0-ADC1573B5461:+14154248775
sn: E0BB0F6D-FF88-4AA3-B7F0-ADC1573B5461:+14154248775
++ running auto.py
sn: E0BB0F6D-FF88-4AA3-B7F0-ADC1573B5461:+14013397771
sn: E0BB0F6D-FF88-4AA3-B7F0-ADC1573B5461:+14013397771
++ running auto.py
sn: E0BB0F6D-FF88-4AA3-B7F0-ADC1573B5461:+14013397771
sn: E0BB0F6D-FF88-4AA3-B7F0-ADC1573B5461:+14013397771
